<?xml version="1.0" encoding="UTF-8"?>
<testng-results skipped="0" failed="0" total="1" passed="1">
  <reporter-output>
  </reporter-output>
  <suite name="Default suite" duration-ms="4902" started-at="2017-08-03T14:29:00Z" finished-at="2017-08-03T14:29:05Z">
    <groups>
    </groups>
    <test name="Default test" duration-ms="4902" started-at="2017-08-03T14:29:00Z" finished-at="2017-08-03T14:29:05Z">
      <class name="com.test.framework.CreateSessionTest">
        <test-method status="PASS" signature="setup()[pri:0, instance:com.test.framework.CreateSessionTest@55f3ddb1]" name="setup" is-config="true" duration-ms="27" started-at="2017-08-04T00:29:00Z" finished-at="2017-08-04T00:29:00Z">
          <reporter-output>
          </reporter-output>
        </test-method> <!-- setup -->
        <test-method status="PASS" signature="sessCreate()[pri:0, instance:com.test.framework.CreateSessionTest@55f3ddb1]" name="sessCreate" duration-ms="4844" started-at="2017-08-04T00:29:00Z" finished-at="2017-08-04T00:29:05Z">
          <reporter-output>
          </reporter-output>
        </test-method> <!-- sessCreate -->
      </class> <!-- com.test.framework.CreateSessionTest -->
    </test> <!-- Default test -->
  </suite> <!-- Default suite -->
</testng-results>
