<?xml version="1.0" encoding="UTF-8"?>
<testng-results skipped="0" failed="0" total="2" passed="2">
  <reporter-output>
  </reporter-output>
  <suite name="Default suite" duration-ms="2431" started-at="2017-08-01T04:19:54Z" finished-at="2017-08-01T04:19:56Z">
    <groups>
    </groups>
    <test name="Default test" duration-ms="2431" started-at="2017-08-01T04:19:54Z" finished-at="2017-08-01T04:19:56Z">
      <class name="com.test.framework.GetIssueTest">
        <test-method status="PASS" signature="setup()[pri:0, instance:com.test.framework.GetIssueTest@55f3ddb1]" name="setup" is-config="true" duration-ms="2308" started-at="2017-08-01T14:19:54Z" finished-at="2017-08-01T14:19:56Z">
          <reporter-output>
          </reporter-output>
        </test-method> <!-- setup -->
        <test-method status="PASS" signature="verifyIssueId()[pri:0, instance:com.test.framework.GetIssueTest@55f3ddb1]" name="verifyIssueId" duration-ms="86" started-at="2017-08-01T14:19:56Z" finished-at="2017-08-01T14:19:56Z">
          <reporter-output>
          </reporter-output>
        </test-method> <!-- verifyIssueId -->
        <test-method status="PASS" signature="verifyIssueTypeName()[pri:0, instance:com.test.framework.GetIssueTest@55f3ddb1]" name="verifyIssueTypeName" duration-ms="13" started-at="2017-08-01T14:19:56Z" finished-at="2017-08-01T14:19:56Z">
          <reporter-output>
          </reporter-output>
        </test-method> <!-- verifyIssueTypeName -->
      </class> <!-- com.test.framework.GetIssueTest -->
    </test> <!-- Default test -->
  </suite> <!-- Default suite -->
</testng-results>
